<?xml version="1.0" encoding="UTF-8"?>
<testng-results ignored="0" total="1" passed="1" failed="0" skipped="0">
  <reporter-output>
  </reporter-output>
  <suite started-at="2026-01-01T22:24:44 IST" name="Default suite" finished-at="2026-01-01T22:26:07 IST" duration-ms="83330">
    <groups>
    </groups>
    <test started-at="2026-01-01T22:24:44 IST" name="Default test" finished-at="2026-01-01T22:26:07 IST" duration-ms="83330">
      <class name="tests.SampleTest">
        <test-method is-config="true" signature="setup()[pri:0, instance:tests.SampleTest@2a798d51]" started-at="2026-01-01T22:24:44 IST" name="setup" finished-at="2026-01-01T22:26:04 IST" duration-ms="80402" status="PASS">
          <reporter-output>
          </reporter-output>
        </test-method> <!-- setup -->
        <test-method signature="verifyTitle()[pri:0, instance:tests.SampleTest@2a798d51]" started-at="2026-01-01T22:26:04 IST" name="verifyTitle" finished-at="2026-01-01T22:26:07 IST" duration-ms="2812" status="PASS">
          <reporter-output>
          </reporter-output>
        </test-method> <!-- verifyTitle -->
        <test-method is-config="true" signature="tearDown()[pri:0, instance:tests.SampleTest@2a798d51]" started-at="2026-01-01T22:26:07 IST" name="tearDown" finished-at="2026-01-01T22:26:07 IST" duration-ms="71" status="PASS">
          <reporter-output>
          </reporter-output>
        </test-method> <!-- tearDown -->
      </class> <!-- tests.SampleTest -->
    </test> <!-- Default test -->
  </suite> <!-- Default suite -->
</testng-results>
